[+] Loading snakemake  6.5.3 
[+] Loading singularity  3.8.0  on cn0876 
Building DAG of jobs...
Using shell: /usr/bin/bash
Provided cluster nodes: 500
Job stats:
job                  count    min threads    max threads
-----------------  -------  -------------  -------------
all                      1              1              1
fastqc_raw               2              1              1
fastqc_trimmed           2              1              1
minimap_alignment        2             32             32
nanofilt                 2              1              1
total                    9              1             32


[Wed Jul 28 10:53:10 2021]
Job 4: Running Nanofilt with /data/millerv2/samples/SGNex_A549_directRNA_replicate6_run1.fastq


    NanoFilt -l 500 --headcrop 10 < /data/millerv2/samples/SGNex_A549_directRNA_replicate6_run1.fastq > /data/millerv2/trimmed_reads/SGNex_A549_directRNA_replicate6_run1_trimmed.fastq
    
Submitted job 4 with external jobid '20115782'.

[Wed Jul 28 10:53:15 2021]
Job 1: Running fastqc_raw with /data/millerv2/samples/SGNex_A549_directRNA_replicate1_run1.fastq

fastqc -o /data/millerv2/fastqc_raw /data/millerv2/samples/SGNex_A549_directRNA_replicate1_run1.fastq &> /data/millerv2/logs/SGNex_A549_directRNA_replicate1_run1_fastqc_raw.log 
Submitted job 1 with external jobid '20115785'.

[Wed Jul 28 10:53:23 2021]
Job 9: Running minimap with /data/millerv2/genomes/hg38.fa /data/millerv2/samples/SGNex_A549_directRNA_replicate6_run1.fastq with 32 threads


    minimap2 -t 32 -ax splice -uf -k14 /data/millerv2/genomes/hg38.fa /data/millerv2/samples/SGNex_A549_directRNA_replicate6_run1.fastq > /data/millerv2/genome_alignmments/SGNex_A549_directRNA_replicate6_run1_alignment.sam
    
Submitted job 9 with external jobid '20115791'.

[Wed Jul 28 10:53:28 2021]
Job 8: Running minimap with /data/millerv2/genomes/hg38.fa /data/millerv2/samples/SGNex_A549_directRNA_replicate1_run1.fastq with 32 threads


    minimap2 -t 32 -ax splice -uf -k14 /data/millerv2/genomes/hg38.fa /data/millerv2/samples/SGNex_A549_directRNA_replicate1_run1.fastq > /data/millerv2/genome_alignmments/SGNex_A549_directRNA_replicate1_run1_alignment.sam
    
Submitted job 8 with external jobid '20115793'.

[Wed Jul 28 10:53:35 2021]
Job 2: Running fastqc_raw with /data/millerv2/samples/SGNex_A549_directRNA_replicate6_run1.fastq

fastqc -o /data/millerv2/fastqc_raw /data/millerv2/samples/SGNex_A549_directRNA_replicate6_run1.fastq &> /data/millerv2/logs/SGNex_A549_directRNA_replicate6_run1_fastqc_raw.log 
Submitted job 2 with external jobid '20115796'.

[Wed Jul 28 10:53:38 2021]
Job 3: Running Nanofilt with /data/millerv2/samples/SGNex_A549_directRNA_replicate1_run1.fastq


    NanoFilt -l 500 --headcrop 10 < /data/millerv2/samples/SGNex_A549_directRNA_replicate1_run1.fastq > /data/millerv2/trimmed_reads/SGNex_A549_directRNA_replicate1_run1_trimmed.fastq
    
Submitted job 3 with external jobid '20115798'.
