Building DAG of jobs...
Using shell: /usr/bin/bash
Provided cores: 1 (use --cores to define parallelism)
Rules claiming more threads will be scaled down.
Job counts:
	count	jobs
	1	all
	2	fastqc_raw
	1	nanoplot
	4

[Fri Jul  9 10:54:11 2021]
rule nanoplot:
    input: /data/millerv2/samples/SGNex_A549_directRNA_replicate1_run1.fastq.gz, /data/millerv2/samples/SGNex_A549_directRNA_replicate6_run1.fastq.gz
    output: /data/millerv2/Nanoplot/Yield_By_Length.png, /data/millerv2/Nanoplot/Yield_by_Length.html
    jobid: 3

Activating singularity image /gpfs/gsfs10/users/millerv2/NanoseqSnakemake/.snakemake/singularity/2e5970f2d12db6d75ea25abf9ea5c450.simg
[Fri Jul  9 10:54:14 2021]
Error in rule nanoplot:
    jobid: 3
    output: /data/millerv2/Nanoplot/Yield_By_Length.png, /data/millerv2/Nanoplot/Yield_by_Length.html
    shell:
        
    NanoPlot -o /data/millerv2/Nanoplot/summary-plots-log-transformed \ 
    --fastq /data/millerv2/samples/SGNex_A549_directRNA_replicate1_run1.fastq.gz /data/millerv2/samples/SGNex_A549_directRNA_replicate6_run1.fastq.gz 
    
        (one of the commands exited with non-zero exit code; note that snakemake uses bash strict mode!)

Shutting down, this might take some time.
Exiting because a job execution failed. Look above for error message
Complete log: /gpfs/gsfs10/users/millerv2/NanoseqSnakemake/.snakemake/log/2021-07-09T105409.972335.snakemake.log
