Building DAG of jobs...
Using shell: /usr/bin/bash
Provided cores: 1 (use --cores to define parallelism)
Rules claiming more threads will be scaled down.
Job counts:
	count	jobs
	1	all
	2	fastqc_raw
	1	nanoplot
	4

[Fri Jul  9 10:55:37 2021]
rule nanoplot:
    input: /data/millerv2/samples/SGNex_A549_directRNA_replicate1_run1.fastq.gz, /data/millerv2/samples/SGNex_A549_directRNA_replicate6_run1.fastq.gz
    output: /data/millerv2/Nanoplot/Yield_By_Length.png, /data/millerv2/Nanoplot/Yield_by_Length.html
    jobid: 3

Activating singularity image /gpfs/gsfs10/users/millerv2/NanoseqSnakemake/.snakemake/singularity/2e5970f2d12db6d75ea25abf9ea5c450.simg
Waiting at most 5 seconds for missing files.
MissingOutputException in line 32 of /gpfs/gsfs10/users/millerv2/NanoseqSnakemake/snakefile:
Job Missing files after 5 seconds:
/data/millerv2/Nanoplot/Yield_By_Length.png
/data/millerv2/Nanoplot/Yield_by_Length.html
This might be due to filesystem latency. If that is the case, consider to increase the wait time with --latency-wait.
Job id: 3 completed successfully, but some output files are missing. 3
  File "/usr/local/apps/snakemake/conda/envs/6.0.5/lib/python3.9/site-packages/snakemake/executors/__init__.py", line 583, in handle_job_success
  File "/usr/local/apps/snakemake/conda/envs/6.0.5/lib/python3.9/site-packages/snakemake/executors/__init__.py", line 252, in handle_job_success
Shutting down, this might take some time.
Exiting because a job execution failed. Look above for error message
Complete log: /gpfs/gsfs10/users/millerv2/NanoseqSnakemake/.snakemake/log/2021-07-09T105536.197528.snakemake.log
