Building DAG of jobs...
Using shell: /usr/bin/bash
Provided cores: 1 (use --cores to define parallelism)
Rules claiming more threads will be scaled down.
Job counts:
	count	jobs
	1	all
	3	fastqc_raw
	4

[Thu Jul  8 11:02:56 2021]
rule fastqc_raw:
    input: /data/millerv2/samples/SGNex_A549_directRNA_replicate6_run1.fastq.gz
    output: /data/millerv2/fastqc_raw/SGNex_A549_directRNA_replicate6_run1_fastqc.html, /data/millerv2/fastqc_raw/SGNex_A549_directRNA_replicate6_run1_fastqc.zip
    jobid: 3
    wildcards: sample=SGNex_A549_directRNA_replicate6_run1

Activating environment modules: fastqc/0.11.9
[Thu Jul  8 11:02:57 2021]
Error in rule fastqc_raw:
    jobid: 3
    output: /data/millerv2/fastqc_raw/SGNex_A549_directRNA_replicate6_run1_fastqc.html, /data/millerv2/fastqc_raw/SGNex_A549_directRNA_replicate6_run1_fastqc.zip
    shell:
        
    fastqc -o fastqc_raw /data/millerv2/samples/SGNex_A549_directRNA_replicate6_run1.fastq.gz
    
        (one of the commands exited with non-zero exit code; note that snakemake uses bash strict mode!)

Shutting down, this might take some time.
Exiting because a job execution failed. Look above for error message
Complete log: /gpfs/gsfs10/users/millerv2/NanoseqSnakemake/.snakemake/log/2021-07-08T110255.972941.snakemake.log
