Building DAG of jobs...
Creating conda environment envs/env.yaml...
Downloading and installing remote packages.
CreateCondaEnvironmentException:
Could not create conda environment from /gpfs/gsfs10/users/millerv2/NanoseqSnakemake/envs/env.yaml:
Collecting package metadata (repodata.json): ...working... done
Solving environment: ...working... failed

ResolvePackageNotFound: 
  - ncurses==6.2=h2e338ed_4
  - libffi==3.3=h046ec9c_2
  - libssh2==1.9.0=h52ee1ee_6
  - zlib==1.2.11=h7795811_1010
  - libedit==3.1.20210216=h9ed2024_1
  - zstd==1.5.0=h582d3a0_0
  - glog==0.5.0=h25b26a9_0
  - sqlite==3.36.0=h23a322b_0
  - grpc-cpp==1.38.1=h52e2391_0
  - libbrotlienc==1.0.9=h0d85af4_5
  - aws-c-event-stream==0.2.7=hb9330a7_13
  - libgfortran==5.0.0=9_3_0_h6c81a4c_22
  - arrow-cpp==4.0.1=py39h6addae6_4_cpu
  - libdeflate==1.7=h35c211d_5
  - libgfortran5==9.3.0=h6c81a4c_22
  - libnghttp2==1.43.0=h07e645a_0
  - libopenblas==0.3.15=openmp_h5e1b9a4_1
  - pandas==1.3.0=py39h4d6be9b_0
  - biopython==1.79=py39h89e85a6_0
  - kaleido-core==0.2.1=h0d85af4_0
  - c-ares==1.17.1=h0d85af4_1
  - re2==2021.06.01=he49afe7_0
  - libevent==2.1.10=hddc9c9b_3
  - libutf8proc==2.6.1=h35c211d_0
  - xz==5.2.5=haf1e3a3_1
  - libbrotlidec==1.0.9=h0d85af4_5
  - lz4-c==1.9.3=h046ec9c_0
  - orc==1.6.9=hfe4c36d_0
  - tk==8.6.10=hb0a8c7a_1
  - aws-c-cal==0.5.11=hd2e2f4b_0
  - ca-certificates==2021.5.30=h033912b_0
  - icu==68.1=h74dc148_0
  - libpng==1.6.37=hb0a8c7a_2
  - libcurl==7.77.0=hf45b732_0
  - pyarrow==4.0.1=py39hc3b5b9c_4_cpu
  - openjdk==11.0.9.1=hcf210ce_1
  - libcxx==11.1.0=habf9029_0
  - krb5==1.19.1=hcfbf3a7_0
  - aws-c-common==0.6.2=h0d85af4_0
  - libiconv==1.16=haf1e3a3_0
  - python==3.9.6=hd187cdc_0_cpython
  - libev==4.33=haf1e3a3_1
  - llvm-openmp==11.1.0=hda6cdc1_1
  - pysam==0.16.0.1=py39h56703ae_3
  - libxml2==2.9.12=h93ec3fd_0
  - abseil-cpp==20210324.2=he49afe7_0
  - aws-c-io==0.10.5=h35aa462_0
  - openssl==1.1.1k=h0d85af4_0
  - aws-checksums==0.1.11=h0010a65_7
  - aws-sdk-cpp==1.8.186=h766a74d_3
  - libbrotlicommon==1.0.9=h0d85af4_5
  - certifi==2021.5.30=py39h6e9494a_0
  - readline==8.1=h05e3726_0
  - snappy==1.1.8=hb1e8313_3
  - libprotobuf==3.16.0=hcf210ce_0
  - numpy==1.21.0=py39h7eed0ac_0
  - gflags==2.2.2=hb1e8313_1004
  - freetype==2.10.4=h4cff582_1
  - setuptools==52.0.0=py39hecd8cb5_0
  - fontconfig==2.13.1=h10f422b_1005
  - perl==5.32.1=0_h0d85af4_perl5
  - bzip2==1.0.8=hc929b4f_4
  - libthrift==0.14.2=hab56fdc_1
  - scipy==1.7.0=py39h056f1c0_0
  - wrapt==1.12.1=py39hcbf5805_3


  File "/usr/local/apps/snakemake/conda/envs/6.0.5/lib/python3.9/site-packages/snakemake/deployment/conda.py", line 387, in create
