Building DAG of jobs...
Using shell: /usr/bin/bash
Provided cores: 1 (use --cores to define parallelism)
Rules claiming more threads will be scaled down.
Job counts:
	count	jobs
	1	all
	1	fastqc_raw
	2

[Thu Jul  8 11:14:49 2021]
rule fastqc_raw:
    input: /data/millerv2/samples/SGNex_A549_directRNA_replicate1_run1.fastq.gz
    output: /data/millerv2/fastqc_raw/SGNex_A549_directRNA_replicate1_run1_fastqc.html, /data/millerv2/fastqc_raw/SGNex_A549_directRNA_replicate1_run1_fastqc.zip
    jobid: 1
    wildcards: sample=SGNex_A549_directRNA_replicate1_run1

Activating environment modules: fastqc/0.11.9
[Thu Jul  8 11:15:36 2021]
Finished job 1.
1 of 2 steps (50%) done

[Thu Jul  8 11:15:36 2021]
localrule all:
    input: /data/millerv2/fastqc_raw/SGNex_A549_directRNA_replicate1_run1_fastqc.html, /data/millerv2/fastqc_raw/SGNex_A549_directRNA_replicate1_run1_fastqc.zip
    jobid: 0

[Thu Jul  8 11:15:36 2021]
Finished job 0.
2 of 2 steps (100%) done
Complete log: /gpfs/gsfs10/users/millerv2/NanoseqSnakemake/.snakemake/log/2021-07-08T111448.990265.snakemake.log
